Arguments: 
  C:\Program Files\nodejs\node.exe C:\Program Files\nodejs\node_modules\yarn\bin\yarn.js

PATH: 
  C:\Program Files (x86)\Common Files\Oracle\Java\javapath;C:\Windows\system32;C:\Windows;C:\Windows\System32\Wbem;C:\Windows\System32\WindowsPowerShell\v1.0\;C:\Windows\System32\OpenSSH\;C:\Program Files\NVIDIA Corporation\NVIDIA NvDLISR;C:\Program Files (x86)\NVIDIA Corporation\PhysX\Common;C:\Program Files\dotnet\;C:\Program Files\Git\cmd;C:\HashiCorp\Vagrant\bin;C:\Users\jfrt1\AppData\Roaming\nvm;C:\Program Files\nodejs;C:\Program Files\Docker\Docker\resources\bin;C:\Users\jfrt1\AppData\Local\Microsoft\WindowsApps;C:\Users\jfrt1\.dotnet\tools;C:\Users\jfrt1\AppData\Local\Programs\Microsoft VS Code\bin;C:\Users\jfrt1\spicetify-cli;C:\Users\jfrt1\AppData\Roaming\nvm;C:\Program Files\nodejs

Yarn version: 
  1.22.19

Node version: 
  17.9.1

Platform: 
  win32 x64

Trace: 
  SyntaxError: E:\Jalabootcamp\Bootcamp-frontend-23\pm-challenge-2\package.json: Unexpected token } in JSON at position 287
      at JSON.parse (<anonymous>)
      at C:\Users\jfrt1\AppData\Roaming\nvm\v17.9.1\node_modules\yarn\lib\cli.js:1629:59
      at Generator.next (<anonymous>)
      at step (C:\Users\jfrt1\AppData\Roaming\nvm\v17.9.1\node_modules\yarn\lib\cli.js:310:30)
      at C:\Users\jfrt1\AppData\Roaming\nvm\v17.9.1\node_modules\yarn\lib\cli.js:321:13

npm manifest: 
  {
    "name": "pm-challenge-2",
    "version": "1.0.0",
    "description": "",
    "main": "index.js",
    "scripts": {
      "test": "echo \"Error: no test specified\" && exit 1"
    },
    "author": "",
    "license": "ISC",
    
    "engines": {
      "npm": "please-use-yarn",
      "yarn": ">= 1.19.1"
    }
  }
  }

yarn manifest: 
  No manifest

Lockfile: 
  No lockfile
